<?xml version="1.0" encoding="UTF-8"?>
<testng-results skipped="0" failed="0" ignored="0" total="1" passed="1">
  <reporter-output>
  </reporter-output>
  <suite name="Default suite" duration-ms="80" started-at="2018-01-22T14:40:22Z" finished-at="2018-01-22T14:40:22Z">
    <groups>
    </groups>
    <test name="Default test" duration-ms="80" started-at="2018-01-22T14:40:22Z" finished-at="2018-01-22T14:40:22Z">
      <class name="model.TestModel">
        <test-method status="PASS" signature="testGetMessage()[pri:0, instance:model.TestModel@51081592]" name="testGetMessage" duration-ms="45" started-at="2018-01-22T15:40:22Z" finished-at="2018-01-22T15:40:22Z">
          <reporter-output>
          </reporter-output>
        </test-method> <!-- testGetMessage -->
      </class> <!-- model.TestModel -->
    </test> <!-- Default test -->
  </suite> <!-- Default suite -->
</testng-results>
